# JRE version: Java(TM) SE Runtime Environment (8.0_181-b13) (build 1.8.0_181-b13)
# Java VM: Java HotSpot(TM) 64-Bit Server VM (25.181-b13 mixed mode windows-amd64 compressed oops)
Heap:
 PSYoungGen      total 28672K, used 642K [0x00000000d6780000, 0x00000000d8880000, 0x0000000100000000)
  eden space 23552K, 2% used [0x00000000d6780000,0x00000000d67fb8d0,0x00000000d7e80000)
  from space 5120K, 2% used [0x00000000d7e80000,0x00000000d7ea51b8,0x00000000d8380000)
  to   space 5120K, 0% used [0x00000000d8380000,0x00000000d8380000,0x00000000d8880000)
 ParOldGen       total 46592K, used 10936K [0x0000000083600000, 0x0000000086380000, 0x00000000d6780000)
  object space 46592K, 23% used [0x0000000083600000,0x00000000840ae300,0x0000000086380000)
 Metaspace       used 22092K, capacity 22474K, committed 22784K, reserved 1069056K
  class space    used 2822K, capacity 2956K, committed 3072K, reserved 1048576K
GC Heap History (10 events):
Event: 690.277 GC heap before
{Heap before GC invocations=26 (full 0):
 PSYoungGen      total 30720K, used 24128K [0x00000000d6780000, 0x00000000d8c00000, 0x0000000100000000)
  eden space 24064K, 100% used [0x00000000d6780000,0x00000000d7f00000,0x00000000d7f00000)
  from space 6656K, 0% used [0x00000000d7f00000,0x00000000d7f10000,0x00000000d8580000)
  to   space 6656K, 0% used [0x00000000d8580000,0x00000000d8580000,0x00000000d8c00000)
 ParOldGen       total 86016K, used 13268K [0x0000000083600000, 0x0000000088a00000, 0x00000000d6780000)
  object space 86016K, 15% used [0x0000000083600000,0x00000000842f50e0,0x0000000088a00000)
 Metaspace       used 19909K, capacity 20236K, committed 20608K, reserved 1067008K
  class space    used 2557K, capacity 2661K, committed 2688K, reserved 1048576K
Event: 690.283 GC heap after
Heap after GC invocations=26 (full 0):
 PSYoungGen      total 29696K, used 1094K [0x00000000d6780000, 0x00000000d8b00000, 0x0000000100000000)
  eden space 24064K, 0% used [0x00000000d6780000,0x00000000d6780000,0x00000000d7f00000)
  from space 5632K, 19% used [0x00000000d8580000,0x00000000d8691bf8,0x00000000d8b00000)
  to   space 6144K, 0% used [0x00000000d7f00000,0x00000000d7f00000,0x00000000d8500000)
 ParOldGen       total 86016K, used 13276K [0x0000000083600000, 0x0000000088a00000, 0x00000000d6780000)
  object space 86016K, 15% used [0x0000000083600000,0x00000000842f70e0,0x0000000088a00000)
 Metaspace       used 19909K, capacity 20236K, committed 20608K, reserved 1067008K
  class space    used 2557K, capacity 2661K, committed 2688K, reserved 1048576K
}
Event: 690.537 GC heap before
{Heap before GC invocations=27 (full 0):
 PSYoungGen      total 29696K, used 3698K [0x00000000d6780000, 0x00000000d8b00000, 0x0000000100000000)
  eden space 24064K, 10% used [0x00000000d6780000,0x00000000d6a0ac20,0x00000000d7f00000)
  from space 5632K, 19% used [0x00000000d8580000,0x00000000d8691bf8,0x00000000d8b00000)
  to   space 6144K, 0% used [0x00000000d7f00000,0x00000000d7f00000,0x00000000d8500000)
 ParOldGen       total 86016K, used 13276K [0x0000000083600000, 0x0000000088a00000, 0x00000000d6780000)
  object space 86016K, 15% used [0x0000000083600000,0x00000000842f70e0,0x0000000088a00000)
 Metaspace       used 20731K, capacity 21068K, committed 21248K, reserved 1067008K
  class space    used 2647K, capacity 2789K, committed 2816K, reserved 1048576K
Event: 690.540 GC heap after
Heap after GC invocations=27 (full 0):
 PSYoungGen      total 24576K, used 474K [0x00000000d6780000, 0x00000000d8a00000, 0x0000000100000000)
  eden space 24064K, 0% used [0x00000000d6780000,0x00000000d6780000,0x00000000d7f00000)
  from space 512K, 92% used [0x00000000d7f00000,0x00000000d7f769b8,0x00000000d7f80000)
  to   space 5632K, 0% used [0x00000000d8480000,0x00000000d8480000,0x00000000d8a00000)
 ParOldGen       total 86016K, used 14017K [0x0000000083600000, 0x0000000088a00000, 0x00000000d6780000)
  object space 86016K, 16% used [0x0000000083600000,0x00000000843b04f0,0x0000000088a00000)
 Metaspace       used 20731K, capacity 21068K, committed 21248K, reserved 1067008K
  class space    used 2647K, capacity 2789K, committed 2816K, reserved 1048576K
}
Event: 690.540 GC heap before
{Heap before GC invocations=28 (full 1):
 PSYoungGen      total 24576K, used 474K [0x00000000d6780000, 0x00000000d8a00000, 0x0000000100000000)
  eden space 24064K, 0% used [0x00000000d6780000,0x00000000d6780000,0x00000000d7f00000)
  from space 512K, 92% used [0x00000000d7f00000,0x00000000d7f769b8,0x00000000d7f80000)
  to   space 5632K, 0% used [0x00000000d8480000,0x00000000d8480000,0x00000000d8a00000)
 ParOldGen       total 86016K, used 14017K [0x0000000083600000, 0x0000000088a00000, 0x00000000d6780000)
  object space 86016K, 16% used [0x0000000083600000,0x00000000843b04f0,0x0000000088a00000)
 Metaspace       used 20731K, capacity 21068K, committed 21248K, reserved 1067008K
  class space    used 2647K, capacity 2789K, committed 2816K, reserved 1048576K
Event: 690.595 GC heap after
Heap after GC invocations=28 (full 1):
 PSYoungGen      total 24576K, used 0K [0x00000000d6780000, 0x00000000d8a00000, 0x0000000100000000)
  eden space 24064K, 0% used [0x00000000d6780000,0x00000000d6780000,0x00000000d7f00000)
  from space 512K, 0% used [0x00000000d7f00000,0x00000000d7f00000,0x00000000d7f80000)
  to   space 5632K, 0% used [0x00000000d8480000,0x00000000d8480000,0x00000000d8a00000)
 ParOldGen       total 46592K, used 10613K [0x0000000083600000, 0x0000000086380000, 0x00000000d6780000)
  object space 46592K, 22% used [0x0000000083600000,0x000000008405d6f0,0x0000000086380000)
 Metaspace       used 20731K, capacity 21068K, committed 21248K, reserved 1067008K
  class space    used 2647K, capacity 2789K, committed 2816K, reserved 1048576K
}
Event: 711.185 GC heap before
{Heap before GC invocations=29 (full 1):
 PSYoungGen      total 24576K, used 24064K [0x00000000d6780000, 0x00000000d8a00000, 0x0000000100000000)
  eden space 24064K, 100% used [0x00000000d6780000,0x00000000d7f00000,0x00000000d7f00000)
  from space 512K, 0% used [0x00000000d7f00000,0x00000000d7f00000,0x00000000d7f80000)
  to   space 5632K, 0% used [0x00000000d8480000,0x00000000d8480000,0x00000000d8a00000)
 ParOldGen       total 46592K, used 10613K [0x0000000083600000, 0x0000000086380000, 0x00000000d6780000)
  object space 46592K, 22% used [0x0000000083600000,0x000000008405d6f0,0x0000000086380000)
 Metaspace       used 22068K, capacity 22468K, committed 22784K, reserved 1069056K
  class space    used 2821K, capacity 2955K, committed 3072K, reserved 1048576K
Event: 711.187 GC heap after
Heap after GC invocations=29 (full 1):
 PSYoungGen      total 27648K, used 982K [0x00000000d6780000, 0x00000000d8880000, 0x0000000100000000)
  eden space 23552K, 0% used [0x00000000d6780000,0x00000000d6780000,0x00000000d7e80000)
  from space 4096K, 23% used [0x00000000d8480000,0x00000000d85759f8,0x00000000d8880000)
  to   space 5120K, 0% used [0x00000000d7e80000,0x00000000d7e80000,0x00000000d8380000)
 ParOldGen       total 46592K, used 10621K [0x0000000083600000, 0x0000000086380000, 0x00000000d6780000)
  object space 46592K, 22% used [0x0000000083600000,0x000000008405f6f0,0x0000000086380000)
 Metaspace       used 22068K, capacity 22468K, committed 22784K, reserved 1069056K
  class space    used 2821K, capacity 2955K, committed 3072K, reserved 1048576K
}
Event: 735.925 GC heap before
{Heap before GC invocations=30 (full 1):
 PSYoungGen      total 27648K, used 24534K [0x00000000d6780000, 0x00000000d8880000, 0x0000000100000000)
  eden space 23552K, 100% used [0x00000000d6780000,0x00000000d7e80000,0x00000000d7e80000)
  from space 4096K, 23% used [0x00000000d8480000,0x00000000d85759f8,0x00000000d8880000)
  to   space 5120K, 0% used [0x00000000d7e80000,0x00000000d7e80000,0x00000000d8380000)
 ParOldGen       total 46592K, used 10621K [0x0000000083600000, 0x0000000086380000, 0x00000000d6780000)
  object space 46592K, 22% used [0x0000000083600000,0x000000008405f6f0,0x0000000086380000)
 Metaspace       used 22092K, capacity 22474K, committed 22784K, reserved 1069056K
  class space    used 2822K, capacity 2956K, committed 3072K, reserved 1048576K
Event: 735.927 GC heap after
Heap after GC invocations=30 (full 1):
 PSYoungGen      total 28672K, used 148K [0x00000000d6780000, 0x00000000d8880000, 0x0000000100000000)
  eden space 23552K, 0% used [0x00000000d6780000,0x00000000d6780000,0x00000000d7e80000)
  from space 5120K, 2% used [0x00000000d7e80000,0x00000000d7ea51b8,0x00000000d8380000)
  to   space 5120K, 0% used [0x00000000d8380000,0x00000000d8380000,0x00000000d8880000)
 ParOldGen       total 46592K, used 10936K [0x0000000083600000, 0x0000000086380000, 0x00000000d6780000)
  object space 46592K, 23% used [0x0000000083600000,0x00000000840ae300,0x0000000086380000)
 Metaspace       used 22092K, capacity 22474K, committed 22784K, reserved 1069056K
  class space    used 2822K, capacity 2956K, committed 3072K, reserved 1048576K
}

